# JRE version: OpenJDK Runtime Environment Temurin-25.0.2+10 (25.0.2+10) (build 25.0.2+10-LTS)
# Java VM: OpenJDK 64-Bit Server VM Temurin-25.0.2+10 (25.0.2+10-LTS, mixed mode, sharing, tiered, compressed oops, compressed class ptrs, g1 gc, windows-amd64)
GC Precious Log:
 CardTable entry size: 512
 Card Set container configuration: InlinePtr #cards 5 size 8 Array Of Cards #cards 10 size 36 Howl #buckets 4 coarsen threshold 1843 Howl Bitmap #cards 512 size 80 coarsen threshold 460 Card regions per heap region 1 cards per card region 2048
 CPUs: 2 total, 2 available
 Memory: 3902M
 Large Page Support: Disabled
 NUMA Support: Disabled
 Compressed Oops: Enabled (32-bit)
 Heap Region Size: 1M
 Heap Min Capacity: 8M
 Heap Initial Capacity: 62M
 Heap Max Capacity: 976M
 Pre-touch: Disabled
 Parallel Workers: 2
 Concurrent Workers: 1
 Concurrent Refinement Workers: 2
 Periodic GC: Disabled
Heap:
 garbage-first heap   total reserved 999424K, committed 65536K, used 19600K [0x00000000c3000000, 0x0000000100000000)
  region size 1024K, 6 young (6144K), 5 survivors (5120K)
GC Heap Usage History (10 events):
Event: 1.263 {heap Before GC invocations=0 (full 0):
 garbage-first heap   total reserved 999424K, committed 65536K, used 14483K [0x00000000c3000000, 0x0000000100000000)
  region size 1024K, 14 young (14336K), 0 survivors (0K)
}
Event: 1.273 {heap After GC invocations=1 (full 0):
 garbage-first heap   total reserved 999424K, committed 65536K, used 3856K [0x00000000c3000000, 0x0000000100000000)
  region size 1024K, 2 young (2048K), 2 survivors (2048K)
}
Event: 2.583 {heap Before GC invocations=1 (full 0):
 garbage-first heap   total reserved 999424K, committed 65536K, used 28432K [0x00000000c3000000, 0x0000000100000000)
  region size 1024K, 27 young (27648K), 2 survivors (2048K)
}
Event: 2.594 {heap After GC invocations=2 (full 0):
 garbage-first heap   total reserved 999424K, committed 65536K, used 5203K [0x00000000c3000000, 0x0000000100000000)
  region size 1024K, 4 young (4096K), 4 survivors (4096K)
}
Event: 4.955 {heap Before GC invocations=2 (full 0):
 garbage-first heap   total reserved 999424K, committed 65536K, used 38995K [0x00000000c3000000, 0x0000000100000000)
  region size 1024K, 37 young (37888K), 4 survivors (4096K)
}
Event: 4.978 {heap After GC invocations=3 (full 0):
 garbage-first heap   total reserved 999424K, committed 65536K, used 8939K [0x00000000c3000000, 0x0000000100000000)
  region size 1024K, 5 young (5120K), 5 survivors (5120K)
}
Event: 6.427 {heap Before GC invocations=3 (full 0):
 garbage-first heap   total reserved 999424K, committed 65536K, used 41707K [0x00000000c3000000, 0x0000000100000000)
  region size 1024K, 37 young (37888K), 5 survivors (5120K)
}
Event: 6.444 {heap After GC invocations=4 (full 0):
 garbage-first heap   total reserved 999424K, committed 65536K, used 11036K [0x00000000c3000000, 0x0000000100000000)
  region size 1024K, 3 young (3072K), 3 survivors (3072K)
}
Event: 7.176 {heap Before GC invocations=4 (full 0):
 garbage-first heap   total reserved 999424K, committed 65536K, used 30492K [0x00000000c3000000, 0x0000000100000000)
  region size 1024K, 19 young (19456K), 3 survivors (3072K)
}
Event: 7.193 {heap After GC invocations=5 (full 0):
 garbage-first heap   total reserved 999424K, committed 65536K, used 19600K [0x00000000c3000000, 0x0000000100000000)
  region size 1024K, 5 young (5120K), 5 survivors (5120K)
}

